# JRE version: OpenJDK Runtime Environment Temurin-21.0.11+10 (21.0.11+10) (build 21.0.11+10-LTS)
# Java VM: OpenJDK 64-Bit Server VM Temurin-21.0.11+10 (21.0.11+10-LTS, mixed mode, sharing, tiered, compressed oops, compressed class ptrs, parallel gc, linux-amd64)
GC Precious Log:
 CardTable entry size: 512
 CPUs: 8 total, 8 available
 Memory: 6855M
 Large Page Support: Disabled
 NUMA Support: Disabled
 Compressed Oops: Enabled (32-bit)
 Alignments: Space 512K, Generation 512K, Heap 2M
 Heap Min Capacity: 100M
 Heap Initial Capacity: 100M
 Heap Max Capacity: 2G
 Pre-touch: Disabled
 Parallel Workers: 8
Heap:
 PSYoungGen      total 17920K, used 736K [0x00000000d5580000, 0x00000000d6880000, 0x0000000100000000)
  eden space 15872K, 0% used [0x00000000d5580000,0x00000000d5580000,0x00000000d6500000)
  from space 2048K, 35% used [0x00000000d6500000,0x00000000d65b8190,0x00000000d6700000)
  to   space 1536K, 0% used [0x00000000d6700000,0x00000000d6700000,0x00000000d6880000)
 ParOldGen       total 68608K, used 46665K [0x0000000080000000, 0x0000000084300000, 0x00000000d5580000)
  object space 68608K, 68% used [0x0000000080000000,0x0000000082d925b8,0x0000000084300000)
 Metaspace       used 59121K, committed 60288K, reserved 1114112K
  class space    used 6467K, committed 6976K, reserved 1048576K
GC Heap History (20 events):
Event: 9.649 GC heap after
{Heap after GC invocations=28 (full 2):
 PSYoungGen      total 22016K, used 2016K [0x00000000d5580000, 0x00000000d6e00000, 0x0000000100000000)
  eden space 19968K, 0% used [0x00000000d5580000,0x00000000d5580000,0x00000000d6900000)
  from space 2048K, 98% used [0x00000000d6c00000,0x00000000d6df8010,0x00000000d6e00000)
  to   space 2560K, 0% used [0x00000000d6900000,0x00000000d6900000,0x00000000d6b80000)
 ParOldGen       total 68608K, used 34483K [0x0000000080000000, 0x0000000084300000, 0x00000000d5580000)
  object space 68608K, 50% used [0x0000000080000000,0x00000000821acf58,0x0000000084300000)
 Metaspace       used 51513K, committed 52672K, reserved 1114112K
  class space    used 5659K, committed 6144K, reserved 1048576K
}
Event: 9.707 GC heap before
{Heap before GC invocations=29 (full 2):
 PSYoungGen      total 22016K, used 21984K [0x00000000d5580000, 0x00000000d6e00000, 0x0000000100000000)
  eden space 19968K, 100% used [0x00000000d5580000,0x00000000d6900000,0x00000000d6900000)
  from space 2048K, 98% used [0x00000000d6c00000,0x00000000d6df8010,0x00000000d6e00000)
  to   space 2560K, 0% used [0x00000000d6900000,0x00000000d6900000,0x00000000d6b80000)
 ParOldGen       total 68608K, used 34483K [0x0000000080000000, 0x0000000084300000, 0x00000000d5580000)
  object space 68608K, 50% used [0x0000000080000000,0x00000000821acf58,0x0000000084300000)
 Metaspace       used 51587K, committed 52736K, reserved 1114112K
  class space    used 5661K, committed 6144K, reserved 1048576K
}
Event: 9.711 GC heap after
{Heap after GC invocations=29 (full 2):
 PSYoungGen      total 22016K, used 1784K [0x00000000d5580000, 0x00000000d6d00000, 0x0000000100000000)
  eden space 19968K, 0% used [0x00000000d5580000,0x00000000d5580000,0x00000000d6900000)
  from space 2048K, 87% used [0x00000000d6900000,0x00000000d6abe200,0x00000000d6b00000)
  to   space 2048K, 0% used [0x00000000d6b00000,0x00000000d6b00000,0x00000000d6d00000)
 ParOldGen       total 68608K, used 36395K [0x0000000080000000, 0x0000000084300000, 0x00000000d5580000)
  object space 68608K, 53% used [0x0000000080000000,0x000000008238af68,0x0000000084300000)
 Metaspace       used 51587K, committed 52736K, reserved 1114112K
  class space    used 5661K, committed 6144K, reserved 1048576K
}
Event: 9.870 GC heap before
{Heap before GC invocations=30 (full 2):
 PSYoungGen      total 22016K, used 21752K [0x00000000d5580000, 0x00000000d6d00000, 0x0000000100000000)
  eden space 19968K, 100% used [0x00000000d5580000,0x00000000d6900000,0x00000000d6900000)
  from space 2048K, 87% used [0x00000000d6900000,0x00000000d6abe200,0x00000000d6b00000)
  to   space 2048K, 0% used [0x00000000d6b00000,0x00000000d6b00000,0x00000000d6d00000)
 ParOldGen       total 68608K, used 36395K [0x0000000080000000, 0x0000000084300000, 0x00000000d5580000)
  object space 68608K, 53% used [0x0000000080000000,0x000000008238af68,0x0000000084300000)
 Metaspace       used 53113K, committed 54208K, reserved 1114112K
  class space    used 5812K, committed 6272K, reserved 1048576K
}
Event: 9.874 GC heap after
{Heap after GC invocations=30 (full 2):
 PSYoungGen      total 17920K, used 2023K [0x00000000d5580000, 0x00000000d7500000, 0x0000000100000000)
  eden space 15872K, 0% used [0x00000000d5580000,0x00000000d5580000,0x00000000d6500000)
  from space 2048K, 98% used [0x00000000d6b00000,0x00000000d6cf9e38,0x00000000d6d00000)
  to   space 6144K, 0% used [0x00000000d6500000,0x00000000d6500000,0x00000000d6b00000)
 ParOldGen       total 68608K, used 39585K [0x0000000080000000, 0x0000000084300000, 0x00000000d5580000)
  object space 68608K, 57% used [0x0000000080000000,0x00000000826a8400,0x0000000084300000)
 Metaspace       used 53113K, committed 54208K, reserved 1114112K
  class space    used 5812K, committed 6272K, reserved 1048576K
}
Event: 9.978 GC heap before
{Heap before GC invocations=31 (full 2):
 PSYoungGen      total 17920K, used 17895K [0x00000000d5580000, 0x00000000d7500000, 0x0000000100000000)
  eden space 15872K, 100% used [0x00000000d5580000,0x00000000d6500000,0x00000000d6500000)
  from space 2048K, 98% used [0x00000000d6b00000,0x00000000d6cf9e38,0x00000000d6d00000)
  to   space 6144K, 0% used [0x00000000d6500000,0x00000000d6500000,0x00000000d6b00000)
 ParOldGen       total 68608K, used 39585K [0x0000000080000000, 0x0000000084300000, 0x00000000d5580000)
  object space 68608K, 57% used [0x0000000080000000,0x00000000826a8400,0x0000000084300000)
 Metaspace       used 54102K, committed 55296K, reserved 1114112K
  class space    used 5944K, committed 6464K, reserved 1048576K
}
Event: 9.983 GC heap after
{Heap after GC invocations=31 (full 2):
 PSYoungGen      total 18944K, used 2968K [0x00000000d5580000, 0x00000000d6d00000, 0x0000000100000000)
  eden space 15872K, 0% used [0x00000000d5580000,0x00000000d5580000,0x00000000d6500000)
  from space 3072K, 96% used [0x00000000d6500000,0x00000000d67e61d0,0x00000000d6800000)
  to   space 4096K, 0% used [0x00000000d6900000,0x00000000d6900000,0x00000000d6d00000)
 ParOldGen       total 68608K, used 41314K [0x0000000080000000, 0x0000000084300000, 0x00000000d5580000)
  object space 68608K, 60% used [0x0000000080000000,0x0000000082858818,0x0000000084300000)
 Metaspace       used 54102K, committed 55296K, reserved 1114112K
  class space    used 5944K, committed 6464K, reserved 1048576K
}
Event: 10.093 GC heap before
{Heap before GC invocations=32 (full 2):
 PSYoungGen      total 18944K, used 18840K [0x00000000d5580000, 0x00000000d6d00000, 0x0000000100000000)
  eden space 15872K, 100% used [0x00000000d5580000,0x00000000d6500000,0x00000000d6500000)
  from space 3072K, 96% used [0x00000000d6500000,0x00000000d67e61d0,0x00000000d6800000)
  to   space 4096K, 0% used [0x00000000d6900000,0x00000000d6900000,0x00000000d6d00000)
 ParOldGen       total 68608K, used 41314K [0x0000000080000000, 0x0000000084300000, 0x00000000d5580000)
  object space 68608K, 60% used [0x0000000080000000,0x0000000082858818,0x0000000084300000)
 Metaspace       used 54924K, committed 56064K, reserved 1114112K
  class space    used 6029K, committed 6528K, reserved 1048576K
}
Event: 10.096 GC heap after
{Heap after GC invocations=32 (full 2):
 PSYoungGen      total 16384K, used 352K [0x00000000d5580000, 0x00000000d6980000, 0x0000000100000000)
  eden space 15872K, 0% used [0x00000000d5580000,0x00000000d5580000,0x00000000d6500000)
  from space 512K, 68% used [0x00000000d6900000,0x00000000d6958000,0x00000000d6980000)
  to   space 1536K, 0% used [0x00000000d6680000,0x00000000d6680000,0x00000000d6800000)
 ParOldGen       total 68608K, used 43805K [0x0000000080000000, 0x0000000084300000, 0x00000000d5580000)
  object space 68608K, 63% used [0x0000000080000000,0x0000000082ac7710,0x0000000084300000)
 Metaspace       used 54924K, committed 56064K, reserved 1114112K
  class space    used 6029K, committed 6528K, reserved 1048576K
}
Event: 10.176 GC heap before
{Heap before GC invocations=33 (full 2):
 PSYoungGen      total 16384K, used 16224K [0x00000000d5580000, 0x00000000d6980000, 0x0000000100000000)
  eden space 15872K, 100% used [0x00000000d5580000,0x00000000d6500000,0x00000000d6500000)
  from space 512K, 68% used [0x00000000d6900000,0x00000000d6958000,0x00000000d6980000)
  to   space 1536K, 0% used [0x00000000d6680000,0x00000000d6680000,0x00000000d6800000)
 ParOldGen       total 68608K, used 43805K [0x0000000080000000, 0x0000000084300000, 0x00000000d5580000)
  object space 68608K, 63% used [0x0000000080000000,0x0000000082ac7710,0x0000000084300000)
 Metaspace       used 55761K, committed 56896K, reserved 1114112K
  class space    used 6102K, committed 6592K, reserved 1048576K
}
Event: 10.178 GC heap after
{Heap after GC invocations=33 (full 2):
 PSYoungGen      total 17408K, used 1519K [0x00000000d5580000, 0x00000000d6a00000, 0x0000000100000000)
  eden space 15872K, 0% used [0x00000000d5580000,0x00000000d5580000,0x00000000d6500000)
  from space 1536K, 98% used [0x00000000d6680000,0x00000000d67fbca0,0x00000000d6800000)
  to   space 2048K, 0% used [0x00000000d6800000,0x00000000d6800000,0x00000000d6a00000)
 ParOldGen       total 68608K, used 44269K [0x0000000080000000, 0x0000000084300000, 0x00000000d5580000)
  object space 68608K, 64% used [0x0000000080000000,0x0000000082b3b710,0x0000000084300000)
 Metaspace       used 55761K, committed 56896K, reserved 1114112K
  class space    used 6102K, committed 6592K, reserved 1048576K
}
Event: 10.237 GC heap before
{Heap before GC invocations=34 (full 2):
 PSYoungGen      total 17408K, used 17391K [0x00000000d5580000, 0x00000000d6a00000, 0x0000000100000000)
  eden space 15872K, 100% used [0x00000000d5580000,0x00000000d6500000,0x00000000d6500000)
  from space 1536K, 98% used [0x00000000d6680000,0x00000000d67fbca0,0x00000000d6800000)
  to   space 2048K, 0% used [0x00000000d6800000,0x00000000d6800000,0x00000000d6a00000)
 ParOldGen       total 68608K, used 44269K [0x0000000080000000, 0x0000000084300000, 0x00000000d5580000)
  object space 68608K, 64% used [0x0000000080000000,0x0000000082b3b710,0x0000000084300000)
 Metaspace       used 55787K, committed 56896K, reserved 1114112K
  class space    used 6102K, committed 6592K, reserved 1048576K
}
Event: 10.241 GC heap after
{Heap after GC invocations=34 (full 2):
 PSYoungGen      total 16384K, used 502K [0x00000000d5580000, 0x00000000d6880000, 0x0000000100000000)
  eden space 15872K, 0% used [0x00000000d5580000,0x00000000d5580000,0x00000000d6500000)
  from space 512K, 98% used [0x00000000d6800000,0x00000000d687d9d0,0x00000000d6880000)
  to   space 1536K, 0% used [0x00000000d6580000,0x00000000d6580000,0x00000000d6700000)
 ParOldGen       total 68608K, used 45106K [0x0000000080000000, 0x0000000084300000, 0x00000000d5580000)
  object space 68608K, 65% used [0x0000000080000000,0x0000000082c0c888,0x0000000084300000)
 Metaspace       used 55787K, committed 56896K, reserved 1114112K
  class space    used 6102K, committed 6592K, reserved 1048576K
}
Event: 10.316 GC heap before
{Heap before GC invocations=35 (full 2):
 PSYoungGen      total 16384K, used 16374K [0x00000000d5580000, 0x00000000d6880000, 0x0000000100000000)
  eden space 15872K, 100% used [0x00000000d5580000,0x00000000d6500000,0x00000000d6500000)
  from space 512K, 98% used [0x00000000d6800000,0x00000000d687d9d0,0x00000000d6880000)
  to   space 1536K, 0% used [0x00000000d6580000,0x00000000d6580000,0x00000000d6700000)
 ParOldGen       total 68608K, used 45106K [0x0000000080000000, 0x0000000084300000, 0x00000000d5580000)
  object space 68608K, 65% used [0x0000000080000000,0x0000000082c0c888,0x0000000084300000)
 Metaspace       used 56576K, committed 57664K, reserved 1114112K
  class space    used 6174K, committed 6656K, reserved 1048576K
}
Event: 10.317 GC heap after
{Heap after GC invocations=35 (full 2):
 PSYoungGen      total 17408K, used 224K [0x00000000d5580000, 0x00000000d6880000, 0x0000000100000000)
  eden space 15872K, 0% used [0x00000000d5580000,0x00000000d5580000,0x00000000d6500000)
  from space 1536K, 14% used [0x00000000d6580000,0x00000000d65b8000,0x00000000d6700000)
  to   space 512K, 0% used [0x00000000d6800000,0x00000000d6800000,0x00000000d6880000)
 ParOldGen       total 68608K, used 45122K [0x0000000080000000, 0x0000000084300000, 0x00000000d5580000)
  object space 68608K, 65% used [0x0000000080000000,0x0000000082c10888,0x0000000084300000)
 Metaspace       used 56576K, committed 57664K, reserved 1114112K
  class space    used 6174K, committed 6656K, reserved 1048576K
}
Event: 10.598 GC heap before
{Heap before GC invocations=36 (full 2):
 PSYoungGen      total 17408K, used 16090K [0x00000000d5580000, 0x00000000d6880000, 0x0000000100000000)
  eden space 15872K, 99% used [0x00000000d5580000,0x00000000d64fea78,0x00000000d6500000)
  from space 1536K, 14% used [0x00000000d6580000,0x00000000d65b8000,0x00000000d6700000)
  to   space 512K, 0% used [0x00000000d6800000,0x00000000d6800000,0x00000000d6880000)
 ParOldGen       total 68608K, used 45122K [0x0000000080000000, 0x0000000084300000, 0x00000000d5580000)
  object space 68608K, 65% used [0x0000000080000000,0x0000000082c10888,0x0000000084300000)
 Metaspace       used 58048K, committed 59264K, reserved 1114112K
  class space    used 6346K, committed 6848K, reserved 1048576K
}
Event: 10.601 GC heap after
{Heap after GC invocations=36 (full 2):
 PSYoungGen      total 16384K, used 484K [0x00000000d5580000, 0x00000000d6900000, 0x0000000100000000)
  eden space 15872K, 0% used [0x00000000d5580000,0x00000000d5580000,0x00000000d6500000)
  from space 512K, 94% used [0x00000000d6800000,0x00000000d6879010,0x00000000d6880000)
  to   space 2048K, 0% used [0x00000000d6500000,0x00000000d6500000,0x00000000d6700000)
 ParOldGen       total 68608K, used 46267K [0x0000000080000000, 0x0000000084300000, 0x00000000d5580000)
  object space 68608K, 67% used [0x0000000080000000,0x0000000082d2eec0,0x0000000084300000)
 Metaspace       used 58048K, committed 59264K, reserved 1114112K
  class space    used 6346K, committed 6848K, reserved 1048576K
}
Event: 10.663 GC heap before
{Heap before GC invocations=37 (full 2):
 PSYoungGen      total 16384K, used 7722K [0x00000000d5580000, 0x00000000d6900000, 0x0000000100000000)
  eden space 15872K, 45% used [0x00000000d5580000,0x00000000d5c91800,0x00000000d6500000)
  from space 512K, 94% used [0x00000000d6800000,0x00000000d6879010,0x00000000d6880000)
  to   space 2048K, 0% used [0x00000000d6500000,0x00000000d6500000,0x00000000d6700000)
 ParOldGen       total 68608K, used 46267K [0x0000000080000000, 0x0000000084300000, 0x00000000d5580000)
  object space 68608K, 67% used [0x0000000080000000,0x0000000082d2eec0,0x0000000084300000)
 Metaspace       used 59121K, committed 60288K, reserved 1114112K
  class space    used 6467K, committed 6976K, reserved 1048576K
}
Event: 10.665 GC heap after
{Heap after GC invocations=37 (full 2):
 PSYoungGen      total 17920K, used 736K [0x00000000d5580000, 0x00000000d6880000, 0x0000000100000000)
  eden space 15872K, 0% used [0x00000000d5580000,0x00000000d5580000,0x00000000d6500000)
  from space 2048K, 35% used [0x00000000d6500000,0x00000000d65b8190,0x00000000d6700000)
  to   space 1536K, 0% used [0x00000000d6700000,0x00000000d6700000,0x00000000d6880000)
 ParOldGen       total 68608K, used 46665K [0x0000000080000000, 0x0000000084300000, 0x00000000d5580000)
  object space 68608K, 68% used [0x0000000080000000,0x0000000082d925b8,0x0000000084300000)
 Metaspace       used 59121K, committed 60288K, reserved 1114112K
  class space    used 6467K, committed 6976K, reserved 1048576K
}
Event: 10.665 GC heap before
{Heap before GC invocations=38 (full 3):
 PSYoungGen      total 17920K, used 736K [0x00000000d5580000, 0x00000000d6880000, 0x0000000100000000)
  eden space 15872K, 0% used [0x00000000d5580000,0x00000000d5580000,0x00000000d6500000)
  from space 2048K, 35% used [0x00000000d6500000,0x00000000d65b8190,0x00000000d6700000)
  to   space 1536K, 0% used [0x00000000d6700000,0x00000000d6700000,0x00000000d6880000)
 ParOldGen       total 68608K, used 46665K [0x0000000080000000, 0x0000000084300000, 0x00000000d5580000)
  object space 68608K, 68% used [0x0000000080000000,0x0000000082d925b8,0x0000000084300000)
 Metaspace       used 59121K, committed 60288K, reserved 1114112K
  class space    used 6467K, committed 6976K, reserved 1048576K
}

